<?xml version="1.0" encoding="UTF-8"?>
<!-- Generated by org.testng.reporters.JUnitReportReporter -->
<testsuite hostname="DESKTOP-FOV1PRD" name="scripts.Assignment1" tests="1" failures="0" timestamp="25 Dec 2019 04:15:11 GMT" time="19.168" errors="0">
  <testcase name="launchamazon" time="19.168" classname="scripts.Assignment1"/>
</testsuite> <!-- scripts.Assignment1 -->
