<?xml version="1.0" encoding="UTF-8"?>
<!-- Generated by org.testng.reporters.JUnitReportReporter -->
<testsuite hostname="DESKTOP-FOV1PRD" name="scripts.ComparepricesTest" tests="1" failures="0" timestamp="25 Dec 2019 05:11:38 GMT" time="0.009" errors="0">
  <testcase name="compareprices" time="0.009" classname="scripts.ComparepricesTest"/>
</testsuite> <!-- scripts.ComparepricesTest -->
