<?xml version="1.0" encoding="UTF-8"?>
<!-- Generated by org.testng.reporters.JUnitReportReporter -->
<testsuite hostname="DESKTOP-FOV1PRD" name="scripts.FlipkartpriceTest" tests="1" failures="0" timestamp="25 Dec 2019 08:19:26 GMT" time="16.761" errors="0">
  <testcase name="launchflipkart" time="16.761" classname="scripts.FlipkartpriceTest"/>
</testsuite> <!-- scripts.FlipkartpriceTest -->
