<?xml version="1.0" encoding="UTF-8"?>
<!-- Generated by org.testng.reporters.JUnitReportReporter -->
<testsuite hostname="DESKTOP-FOV1PRD" name="scripts.Asssignment11" tests="1" failures="0" timestamp="25 Dec 2019 04:14:30 GMT" time="12.566" errors="0">
  <testcase name="launchflipkart" time="12.566" classname="scripts.Asssignment11"/>
</testsuite> <!-- scripts.Asssignment11 -->
